Mon Jul 13 11:24:29 CLT 2009
restarting weather server
Tue Jul 14 09:00:02 CLT 2009
restarting weather server
Wed Jul 15 09:00:02 CLT 2009
restarting weather server
Thu Jul 16 09:00:01 CLT 2009
restarting weather server
date: Undefined variable.
Fri Jul 17 09:00:01 CLT 2009
restarting weather server
meteo_file: Undefined variable.
meteo_file: Undefined variable.
meteo_file: Undefined variable.
meteo_file: Undefined variable.
meteo_file: Undefined variable.
meteo_file: Undefined variable.
meteo_file: Undefined variable.
meteo_file: Undefined variable.
meteo_file: Undefined variable.
meteo_file: Undefined variable.
meteo_file: Undefined variable.
meteo_file: Undefined variable.
meteo_file: Undefined variable.
meteo_file: Undefined variable.
